<?xml version="1.0" encoding="UTF-8"?>
<robot generator="Robot 7.3.2 (Python 3.13.7 on darwin)" generated="2025-10-23T21:56:04.238044" rpa="false" schemaversion="5">
<suite id="s1" name="Test" source="/Users/aslanbekasylbekov/Desktop/pet projects/testing/testCases/test.robot">
<test id="s1-t1" name="Verify Home Page Load" line="6">
<kw name="Page Load" owner="resources">
<kw name="Open Browser To DemoBlaze" owner="resources">
<kw name="Open Browser" owner="SeleniumLibrary">
<msg time="2025-10-23T21:56:04.328021" level="INFO">Opening browser 'Chrome' to base url 'https://www.demoblaze.com/'.</msg>
<arg>${base_url}</arg>
<arg>Chrome</arg>
<doc>Opens a new browser instance to the optional ``url``.</doc>
<status status="PASS" start="2025-10-23T21:56:04.327932" elapsed="2.839167"/>
</kw>
<kw name="Maximize Browser Window" owner="SeleniumLibrary">
<doc>Maximizes current browser window.</doc>
<status status="PASS" start="2025-10-23T21:56:07.168679" elapsed="0.733292"/>
</kw>
<kw name="Sleep" owner="BuiltIn">
<msg time="2025-10-23T21:56:08.912000" level="INFO">Slept 1 second.</msg>
<arg>1s</arg>
<doc>Pauses the test executed for the given time.</doc>
<status status="PASS" start="2025-10-23T21:56:07.902320" elapsed="1.010247"/>
</kw>
<status status="PASS" start="2025-10-23T21:56:04.327692" elapsed="4.585239"/>
</kw>
<kw name="Title Should Be" owner="SeleniumLibrary">
<msg time="2025-10-23T21:56:08.920254" level="INFO">Page title is 'STORE'.</msg>
<arg>STORE</arg>
<doc>Verifies that the current page title equals ``title``.</doc>
<status status="PASS" start="2025-10-23T21:56:08.913201" elapsed="0.007163"/>
</kw>
<kw name="Close All Browsers" owner="SeleniumLibrary">
<doc>Closes all open browsers and resets the browser cache.</doc>
<status status="PASS" start="2025-10-23T21:56:08.920542" elapsed="0.086697"/>
</kw>
<status status="PASS" start="2025-10-23T21:56:04.327562" elapsed="4.679778"/>
</kw>
<status status="PASS" start="2025-10-23T21:56:04.327322" elapsed="4.680252"/>
</test>
<test id="s1-t2" name="Verify User Registration" line="9">
<kw name="Sign Up" owner="resources">
<kw name="Open Browser To DemoBlaze" owner="resources">
<kw name="Open Browser" owner="SeleniumLibrary">
<msg time="2025-10-23T21:56:09.008604" level="INFO">Opening browser 'Chrome' to base url 'https://www.demoblaze.com/'.</msg>
<arg>${base_url}</arg>
<arg>Chrome</arg>
<doc>Opens a new browser instance to the optional ``url``.</doc>
<status status="PASS" start="2025-10-23T21:56:09.008449" elapsed="1.127499"/>
</kw>
<kw name="Maximize Browser Window" owner="SeleniumLibrary">
<doc>Maximizes current browser window.</doc>
<status status="PASS" start="2025-10-23T21:56:10.137323" elapsed="0.593823"/>
</kw>
<kw name="Sleep" owner="BuiltIn">
<msg time="2025-10-23T21:56:11.732630" level="INFO">Slept 1 second.</msg>
<arg>1s</arg>
<doc>Pauses the test executed for the given time.</doc>
<status status="PASS" start="2025-10-23T21:56:10.731302" elapsed="1.001420"/>
</kw>
<status status="PASS" start="2025-10-23T21:56:09.008305" elapsed="2.724505"/>
</kw>
<kw name="Wait Until Element Is Visible" owner="SeleniumLibrary">
<arg>${sign_up_button}</arg>
<arg>timeout=10</arg>
<doc>Waits until the element ``locator`` is visible.</doc>
<status status="PASS" start="2025-10-23T21:56:11.732911" elapsed="0.011648"/>
</kw>
<kw name="Click Element" owner="SeleniumLibrary">
<msg time="2025-10-23T21:56:11.744850" level="INFO">Clicking element '//*[@id="signin2"]'.</msg>
<arg>${sign_up_button}</arg>
<doc>Click the element identified by ``locator``.</doc>
<status status="PASS" start="2025-10-23T21:56:11.744708" elapsed="0.030158"/>
</kw>
<kw name="Wait Until Element Is Visible" owner="SeleniumLibrary">
<arg>${sign_up_username_field}</arg>
<arg>timeout=10</arg>
<doc>Waits until the element ``locator`` is visible.</doc>
<status status="PASS" start="2025-10-23T21:56:11.774966" elapsed="0.220580"/>
</kw>
<kw name="Input Text" owner="SeleniumLibrary">
<msg time="2025-10-23T21:56:11.995982" level="INFO">Typing text 'aslanbek@test.gmail.com' into text field '//*[@id="sign-username"]'.</msg>
<arg>${sign_up_username_field}</arg>
<arg>${user_login_value}</arg>
<doc>Types the given ``text`` into the text field identified by ``locator``.</doc>
<status status="PASS" start="2025-10-23T21:56:11.995729" elapsed="0.101535"/>
</kw>
<kw name="Input Text" owner="SeleniumLibrary">
<msg time="2025-10-23T21:56:12.097564" level="INFO">Typing text '123456789' into text field '//*[@id="sign-password"]'.</msg>
<arg>${sign_up_password_field}</arg>
<arg>${user_password_value}</arg>
<doc>Types the given ``text`` into the text field identified by ``locator``.</doc>
<status status="PASS" start="2025-10-23T21:56:12.097391" elapsed="0.031662"/>
</kw>
<kw name="Click Element" owner="SeleniumLibrary">
<msg time="2025-10-23T21:56:12.129305" level="INFO">Clicking element '//*[@id="signInModal"]/div/div/div[3]/button[2]'.</msg>
<arg>${sign_up_form_button}</arg>
<doc>Click the element identified by ``locator``.</doc>
<status status="PASS" start="2025-10-23T21:56:12.129172" elapsed="0.020491"/>
</kw>
<kw name="Sleep" owner="BuiltIn">
<msg time="2025-10-23T21:56:14.151782" level="INFO">Slept 2 seconds.</msg>
<arg>2s</arg>
<doc>Pauses the test executed for the given time.</doc>
<status status="PASS" start="2025-10-23T21:56:12.149764" elapsed="2.002340"/>
</kw>
<kw name="Close All Browsers" owner="SeleniumLibrary">
<doc>Closes all open browsers and resets the browser cache.</doc>
<status status="PASS" start="2025-10-23T21:56:14.152555" elapsed="0.083511"/>
</kw>
<status status="PASS" start="2025-10-23T21:56:09.008126" elapsed="5.228030"/>
</kw>
<status status="PASS" start="2025-10-23T21:56:09.007780" elapsed="5.228538"/>
</test>
<test id="s1-t3" name="Verify User Login" line="12">
<kw name="Log In" owner="resources">
<kw name="Open Browser To DemoBlaze" owner="resources">
<kw name="Open Browser" owner="SeleniumLibrary">
<msg time="2025-10-23T21:56:14.237133" level="INFO">Opening browser 'Chrome' to base url 'https://www.demoblaze.com/'.</msg>
<arg>${base_url}</arg>
<arg>Chrome</arg>
<doc>Opens a new browser instance to the optional ``url``.</doc>
<status status="PASS" start="2025-10-23T21:56:14.237013" elapsed="1.894835"/>
</kw>
<kw name="Maximize Browser Window" owner="SeleniumLibrary">
<doc>Maximizes current browser window.</doc>
<status status="PASS" start="2025-10-23T21:56:16.133361" elapsed="0.525476"/>
</kw>
<kw name="Sleep" owner="BuiltIn">
<msg time="2025-10-23T21:56:17.659943" level="INFO">Slept 1 second.</msg>
<arg>1s</arg>
<doc>Pauses the test executed for the given time.</doc>
<status status="PASS" start="2025-10-23T21:56:16.658989" elapsed="1.001032"/>
</kw>
<status status="PASS" start="2025-10-23T21:56:14.236887" elapsed="3.423208"/>
</kw>
<kw name="Click Element" owner="SeleniumLibrary">
<msg time="2025-10-23T21:56:17.660343" level="INFO">Clicking element '//*[@id="login2"]'.</msg>
<arg>${log_in_button}</arg>
<doc>Click the element identified by ``locator``.</doc>
<status status="PASS" start="2025-10-23T21:56:17.660174" elapsed="0.026063"/>
</kw>
<kw name="Wait Until Element Is Visible" owner="SeleniumLibrary">
<arg>${log_in_username_field}</arg>
<doc>Waits until the element ``locator`` is visible.</doc>
<status status="PASS" start="2025-10-23T21:56:17.686348" elapsed="0.224941"/>
</kw>
<kw name="Input Text" owner="SeleniumLibrary">
<msg time="2025-10-23T21:56:17.911816" level="INFO">Typing text 'aslanbek@test.gmail.com' into text field '//*[@id="loginusername"]'.</msg>
<arg>${log_in_username_field}</arg>
<arg>${user_login_value}</arg>
<doc>Types the given ``text`` into the text field identified by ``locator``.</doc>
<status status="PASS" start="2025-10-23T21:56:17.911517" elapsed="0.092177"/>
</kw>
<kw name="Input Text" owner="SeleniumLibrary">
<msg time="2025-10-23T21:56:18.003992" level="INFO">Typing text '123456789' into text field '//*[@id="loginpassword"]'.</msg>
<arg>${log_in_password_field}</arg>
<arg>${user_password_value}</arg>
<doc>Types the given ``text`` into the text field identified by ``locator``.</doc>
<status status="PASS" start="2025-10-23T21:56:18.003824" elapsed="0.026610"/>
</kw>
<kw name="Click Element" owner="SeleniumLibrary">
<msg time="2025-10-23T21:56:18.030831" level="INFO">Clicking element '//*[@id="logInModal"]/div/div/div[3]/button[2]'.</msg>
<arg>${log_in_form_button}</arg>
<doc>Click the element identified by ``locator``.</doc>
<status status="PASS" start="2025-10-23T21:56:18.030541" elapsed="0.021289"/>
</kw>
<kw name="Sleep" owner="BuiltIn">
<msg time="2025-10-23T21:56:20.053945" level="INFO">Slept 2 seconds.</msg>
<arg>2s</arg>
<doc>Pauses the test executed for the given time.</doc>
<status status="PASS" start="2025-10-23T21:56:18.051942" elapsed="2.002324"/>
</kw>
<kw name="Close All Browsers" owner="SeleniumLibrary">
<doc>Closes all open browsers and resets the browser cache.</doc>
<status status="PASS" start="2025-10-23T21:56:20.054753" elapsed="0.075638"/>
</kw>
<status status="PASS" start="2025-10-23T21:56:14.236730" elapsed="5.893754"/>
</kw>
<status status="PASS" start="2025-10-23T21:56:14.236473" elapsed="5.894176"/>
</test>
<test id="s1-t4" name="Verify Add To Cart" line="15">
<kw name="Add To Cart" owner="resources">
<kw name="Open Browser To DemoBlaze" owner="resources">
<kw name="Open Browser" owner="SeleniumLibrary">
<msg time="2025-10-23T21:56:20.131517" level="INFO">Opening browser 'Chrome' to base url 'https://www.demoblaze.com/'.</msg>
<arg>${base_url}</arg>
<arg>Chrome</arg>
<doc>Opens a new browser instance to the optional ``url``.</doc>
<status status="PASS" start="2025-10-23T21:56:20.131392" elapsed="1.679044"/>
</kw>
<kw name="Maximize Browser Window" owner="SeleniumLibrary">
<doc>Maximizes current browser window.</doc>
<status status="PASS" start="2025-10-23T21:56:21.810730" elapsed="0.494489"/>
</kw>
<kw name="Sleep" owner="BuiltIn">
<msg time="2025-10-23T21:56:23.307712" level="INFO">Slept 1 second.</msg>
<arg>1s</arg>
<doc>Pauses the test executed for the given time.</doc>
<status status="PASS" start="2025-10-23T21:56:22.305869" elapsed="1.002626"/>
</kw>
<status status="PASS" start="2025-10-23T21:56:20.131248" elapsed="3.177692"/>
</kw>
<kw name="Click Element" owner="SeleniumLibrary">
<msg time="2025-10-23T21:56:23.310269" level="INFO">Clicking element '//*[@id="tbodyid"]/div[1]/div/div/h4/a'.</msg>
<arg>${open_product_page_button}</arg>
<doc>Click the element identified by ``locator``.</doc>
<status status="PASS" start="2025-10-23T21:56:23.309382" elapsed="0.501419"/>
</kw>
<kw name="Wait Until Element Is Visible" owner="SeleniumLibrary">
<arg>${add_to_cart_button}</arg>
<doc>Waits until the element ``locator`` is visible.</doc>
<status status="PASS" start="2025-10-23T21:56:23.810929" elapsed="0.447711"/>
</kw>
<kw name="Click Element" owner="SeleniumLibrary">
<msg time="2025-10-23T21:56:24.259040" level="INFO">Clicking element '//*[@class="btn btn-success btn-lg"]'.</msg>
<arg>${add_to_cart_button}</arg>
<doc>Click the element identified by ``locator``.</doc>
<status status="PASS" start="2025-10-23T21:56:24.258811" elapsed="0.033253"/>
</kw>
<kw name="Handle Alert" owner="SeleniumLibrary">
<msg time="2025-10-23T21:56:24.292295" level="INFO">HANDLE::&lt;class 'NoneType'&gt;::None</msg>
<arg>ACCEPT</arg>
<doc>Handles the current alert and returns its message.</doc>
<status status="PASS" start="2025-10-23T21:56:24.292189" elapsed="0.510657"/>
</kw>
<kw name="Sleep" owner="BuiltIn">
<msg time="2025-10-23T21:56:26.804350" level="INFO">Slept 2 seconds.</msg>
<arg>2s</arg>
<doc>Pauses the test executed for the given time.</doc>
<status status="PASS" start="2025-10-23T21:56:24.803092" elapsed="2.001569"/>
</kw>
<kw name="Close All Browsers" owner="SeleniumLibrary">
<doc>Closes all open browsers and resets the browser cache.</doc>
<status status="PASS" start="2025-10-23T21:56:26.805155" elapsed="0.081971"/>
</kw>
<status status="PASS" start="2025-10-23T21:56:20.131083" elapsed="6.756123"/>
</kw>
<status status="PASS" start="2025-10-23T21:56:20.130804" elapsed="6.756545"/>
</test>
<test id="s1-t5" name="Verify Contact Form Submission" line="18">
<kw name="Contact Form Submission" owner="resources">
<kw name="Open Browser To DemoBlaze" owner="resources">
<kw name="Open Browser" owner="SeleniumLibrary">
<msg time="2025-10-23T21:56:26.888186" level="INFO">Opening browser 'Chrome' to base url 'https://www.demoblaze.com/'.</msg>
<arg>${base_url}</arg>
<arg>Chrome</arg>
<doc>Opens a new browser instance to the optional ``url``.</doc>
<status status="PASS" start="2025-10-23T21:56:26.888067" elapsed="2.155534"/>
</kw>
<kw name="Maximize Browser Window" owner="SeleniumLibrary">
<doc>Maximizes current browser window.</doc>
<status status="PASS" start="2025-10-23T21:56:29.044504" elapsed="0.581205"/>
</kw>
<kw name="Sleep" owner="BuiltIn">
<msg time="2025-10-23T21:56:30.626427" level="INFO">Slept 1 second.</msg>
<arg>1s</arg>
<doc>Pauses the test executed for the given time.</doc>
<status status="PASS" start="2025-10-23T21:56:29.625909" elapsed="1.000610"/>
</kw>
<status status="PASS" start="2025-10-23T21:56:26.887937" elapsed="3.738670"/>
</kw>
<kw name="Click Element" owner="SeleniumLibrary">
<msg time="2025-10-23T21:56:30.626912" level="INFO">Clicking element '//*[@id="navbarExample"]/ul/li[2]/a'.</msg>
<arg>${contact_link}</arg>
<doc>Click the element identified by ``locator``.</doc>
<status status="PASS" start="2025-10-23T21:56:30.626702" elapsed="0.029537"/>
</kw>
<kw name="Wait Until Element Is Visible" owner="SeleniumLibrary">
<arg>${contact_email_field}</arg>
<doc>Waits until the element ``locator`` is visible.</doc>
<status status="PASS" start="2025-10-23T21:56:30.656342" elapsed="0.218872"/>
</kw>
<kw name="Input Text" owner="SeleniumLibrary">
<msg time="2025-10-23T21:56:30.875494" level="INFO">Typing text 'aslanbek@test.gmail.com' into text field '//*[@id="recipient-email"]'.</msg>
<arg>${contact_email_field}</arg>
<arg>${contact_email_value}</arg>
<doc>Types the given ``text`` into the text field identified by ``locator``.</doc>
<status status="PASS" start="2025-10-23T21:56:30.875328" elapsed="0.086275"/>
</kw>
<kw name="Input Text" owner="SeleniumLibrary">
<msg time="2025-10-23T21:56:30.961853" level="INFO">Typing text 'Aslanbek Assylbekov' into text field '//*[@id="recipient-name"]'.</msg>
<arg>${contact_name_field}</arg>
<arg>${contact_name_value}</arg>
<doc>Types the given ``text`` into the text field identified by ``locator``.</doc>
<status status="PASS" start="2025-10-23T21:56:30.961710" elapsed="0.026937"/>
</kw>
<kw name="Input Text" owner="SeleniumLibrary">
<msg time="2025-10-23T21:56:30.988876" level="INFO">Typing text 'This is an automated contact form submission test.' into text field '//*[@id="message-text"]'.</msg>
<arg>${contact_message_field}</arg>
<arg>${contact_message_value}</arg>
<doc>Types the given ``text`` into the text field identified by ``locator``.</doc>
<status status="PASS" start="2025-10-23T21:56:30.988744" elapsed="0.036956"/>
</kw>
<kw name="Click Element" owner="SeleniumLibrary">
<msg time="2025-10-23T21:56:31.025911" level="INFO">Clicking element '//*[@id="exampleModal"]/div/div/div[3]/button[2]'.</msg>
<arg>${contact_send_button}</arg>
<doc>Click the element identified by ``locator``.</doc>
<status status="PASS" start="2025-10-23T21:56:31.025796" elapsed="0.025375"/>
</kw>
<kw name="Handle Alert" owner="SeleniumLibrary">
<msg time="2025-10-23T21:56:31.051388" level="INFO">HANDLE::&lt;class 'NoneType'&gt;::None</msg>
<arg>ACCEPT</arg>
<doc>Handles the current alert and returns its message.</doc>
<status status="PASS" start="2025-10-23T21:56:31.051299" elapsed="0.054081"/>
</kw>
<kw name="Close All Browsers" owner="SeleniumLibrary">
<doc>Closes all open browsers and resets the browser cache.</doc>
<status status="PASS" start="2025-10-23T21:56:31.105479" elapsed="0.072735"/>
</kw>
<status status="PASS" start="2025-10-23T21:56:26.887782" elapsed="4.290497"/>
</kw>
<status status="PASS" start="2025-10-23T21:56:26.887491" elapsed="4.290904"/>
</test>
<status status="PASS" start="2025-10-23T21:56:04.238539" elapsed="26.940190"/>
</suite>
<statistics>
<total>
<stat pass="5" fail="0" skip="0">All Tests</stat>
</total>
<tag>
</tag>
<suite>
<stat name="Test" id="s1" pass="5" fail="0" skip="0">Test</stat>
</suite>
</statistics>
<errors>
</errors>
</robot>
