<robot generator="Robot 7.3.2 (Python 3.12.12 on darwin)" generated="2025-11-25T12:15:03.675868" rpa="false" schemaversion="5">
<statistics>
<total>
<stat pass="5" fail="0" skip="0">All Tests</stat>
</total>
<tag>
</tag>
<suite>
<stat name="Test" id="s1" pass="5" fail="0" skip="0">Test</stat>
</suite>
</statistics>
<suite name="Suites" id="s0"><suite id="s1" name="Test OS X, Sequoia, Chrome, latest" source="/Users/aslanbekasylbekov/Desktop/pet projects/testing/assignment 2/testCases/test.robot">
<kw name="Open Browser To DemoBlaze" owner="resources" type="SETUP">
<kw name="Open Browser" owner="SeleniumLibrary">
<msg time="2025-11-25T12:15:03.702394" level="INFO">Opening browser 'firefox' to base url 'https://www.demoblaze.com/' through remote server at 'http://bsuser_0KWvM8:wdcP9mSHhVt1gdR13wzS@hub.browserstack.com/wd/hub'.</msg>
<msg time="2025-11-25T12:15:03.704073" level="INFO">Completed setup!</msg>
<arg>${base_url}</arg>
<arg>remote_url=${BROWSERSTACK_REMOTE_URL}</arg>
<doc>Opens a new browser instance to the optional ``url``.</doc>
<status status="PASS" start="2025-11-25T12:15:03.702077" elapsed="4.256124" />
</kw>
<kw name="Maximize Browser Window" owner="SeleniumLibrary">
<doc>Maximizes current browser window.</doc>
<status status="PASS" start="2025-11-25T12:15:07.960105" elapsed="0.547879" />
</kw>
<kw name="Sleep" owner="BuiltIn">
<msg time="2025-11-25T12:15:09.512619" level="INFO">Slept 1 second.</msg>
<arg>1s</arg>
<doc>Pauses the test executed for the given time.</doc>
<status status="PASS" start="2025-11-25T12:15:08.509410" elapsed="1.005726" />
</kw>
<status status="PASS" start="2025-11-25T12:15:03.701157" elapsed="5.815331" />
</kw>
<test id="s1-t1" name="Verify Home Page Load" line="8">
<kw name="Page Load" owner="resources">
<kw name="Open Browser To DemoBlaze" owner="resources">
<kw name="Open Browser" owner="SeleniumLibrary">
<msg time="2025-11-25T12:15:09.523896" level="INFO">Opening browser 'firefox' to base url 'https://www.demoblaze.com/' through remote server at 'http://bsuser_0KWvM8:wdcP9mSHhVt1gdR13wzS@hub.browserstack.com/wd/hub'.</msg>
<msg time="2025-11-25T12:15:09.527947" level="INFO">Completed setup!</msg>
<arg>${base_url}</arg>
<arg>remote_url=${BROWSERSTACK_REMOTE_URL}</arg>
<doc>Opens a new browser instance to the optional ``url``.</doc>
<status status="PASS" start="2025-11-25T12:15:09.523081" elapsed="5.329179" />
</kw>
<kw name="Maximize Browser Window" owner="SeleniumLibrary">
<doc>Maximizes current browser window.</doc>
<status status="PASS" start="2025-11-25T12:15:14.854607" elapsed="0.604992" />
</kw>
<kw name="Sleep" owner="BuiltIn">
<msg time="2025-11-25T12:15:16.464545" level="INFO">Slept 1 second.</msg>
<arg>1s</arg>
<doc>Pauses the test executed for the given time.</doc>
<status status="PASS" start="2025-11-25T12:15:15.462152" elapsed="1.003131" />
</kw>
<status status="PASS" start="2025-11-25T12:15:09.522457" elapsed="6.943691" />
</kw>
<kw name="Title Should Be" owner="SeleniumLibrary">
<msg time="2025-11-25T12:15:16.598500" level="INFO">Page title is 'STORE'.</msg>
<arg>STORE</arg>
<doc>Verifies that the current page title equals ``title``.</doc>
<status status="PASS" start="2025-11-25T12:15:16.466807" elapsed="0.132292" />
</kw>
<kw name="Close All Browsers" owner="SeleniumLibrary">
<doc>Closes all open browsers and resets the browser cache.</doc>
<status status="PASS" start="2025-11-25T12:15:16.600037" elapsed="4.034487" />
</kw>
<status status="PASS" start="2025-11-25T12:15:09.521597" elapsed="11.113904" />
</kw>
<status status="PASS" start="2025-11-25T12:15:09.518675" elapsed="11.117303" />
</test>
<test id="s1-t2" name="Verify User Registration" line="11">
<kw name="Sign Up" owner="resources">
<kw name="Open Browser To DemoBlaze" owner="resources">
<kw name="Open Browser" owner="SeleniumLibrary">
<msg time="2025-11-25T12:15:20.640509" level="INFO">Opening browser 'firefox' to base url 'https://www.demoblaze.com/' through remote server at 'http://bsuser_0KWvM8:wdcP9mSHhVt1gdR13wzS@hub.browserstack.com/wd/hub'.</msg>
<msg time="2025-11-25T12:15:20.642248" level="INFO">Completed setup!</msg>
<arg>${base_url}</arg>
<arg>remote_url=${BROWSERSTACK_REMOTE_URL}</arg>
<doc>Opens a new browser instance to the optional ``url``.</doc>
<status status="PASS" start="2025-11-25T12:15:20.640040" elapsed="6.346084" />
</kw>
<kw name="Maximize Browser Window" owner="SeleniumLibrary">
<doc>Maximizes current browser window.</doc>
<status status="PASS" start="2025-11-25T12:15:26.989777" elapsed="0.596331" />
</kw>
<kw name="Sleep" owner="BuiltIn">
<msg time="2025-11-25T12:15:28.591764" level="INFO">Slept 1 second.</msg>
<arg>1s</arg>
<doc>Pauses the test executed for the given time.</doc>
<status status="PASS" start="2025-11-25T12:15:27.589176" elapsed="1.003791" />
</kw>
<status status="PASS" start="2025-11-25T12:15:20.639665" elapsed="7.954661" />
</kw>
<kw name="Wait Until Element Is Visible" owner="SeleniumLibrary">
<arg>${sign_up_button}</arg>
<arg>timeout=10</arg>
<doc>Waits until the element ``locator`` is visible.</doc>
<status status="PASS" start="2025-11-25T12:15:28.595560" elapsed="0.402236" />
</kw>
<kw name="Click Element" owner="SeleniumLibrary">
<msg time="2025-11-25T12:15:29.002407" level="INFO">Clicking element '//*[@id="signin2"]'.</msg>
<arg>${sign_up_button}</arg>
<doc>Click the element identified by ``locator``.</doc>
<status status="PASS" start="2025-11-25T12:15:29.000918" elapsed="0.315385" />
</kw>
<kw name="Wait Until Element Is Visible" owner="SeleniumLibrary">
<arg>${sign_up_username_field}</arg>
<arg>timeout=10</arg>
<doc>Waits until the element ``locator`` is visible.</doc>
<status status="PASS" start="2025-11-25T12:15:29.318966" elapsed="0.281584" />
</kw>
<kw name="Input Text" owner="SeleniumLibrary">
<msg time="2025-11-25T12:15:29.603674" level="INFO">Typing text 'aslanbek@test.gmail.com' into text field '//*[@id="sign-username"]'.</msg>
<arg>${sign_up_username_field}</arg>
<arg>${user_login_value}</arg>
<doc>Types the given ``text`` into the text field identified by ``locator``.</doc>
<status status="PASS" start="2025-11-25T12:15:29.602839" elapsed="0.472474" />
</kw>
<kw name="Input Text" owner="SeleniumLibrary">
<msg time="2025-11-25T12:15:30.078239" level="INFO">Typing text '123456789' into text field '//*[@id="sign-password"]'.</msg>
<arg>${sign_up_password_field}</arg>
<arg>${user_password_value}</arg>
<doc>Types the given ``text`` into the text field identified by ``locator``.</doc>
<status status="PASS" start="2025-11-25T12:15:30.077374" elapsed="0.437693" />
</kw>
<kw name="Click Element" owner="SeleniumLibrary">
<msg time="2025-11-25T12:15:30.518626" level="INFO">Clicking element '//*[@id="signInModal"]/div/div/div[3]/button[2]'.</msg>
<arg>${sign_up_form_button}</arg>
<doc>Click the element identified by ``locator``.</doc>
<status status="PASS" start="2025-11-25T12:15:30.518002" elapsed="0.308061" />
</kw>
<kw name="Sleep" owner="BuiltIn">
<msg time="2025-11-25T12:15:32.831920" level="INFO">Slept 2 seconds.</msg>
<arg>2s</arg>
<doc>Pauses the test executed for the given time.</doc>
<status status="PASS" start="2025-11-25T12:15:30.828418" elapsed="2.005177" />
</kw>
<kw name="Close All Browsers" owner="SeleniumLibrary">
<doc>Closes all open browsers and resets the browser cache.</doc>
<status status="PASS" start="2025-11-25T12:15:32.834683" elapsed="1.115021" />
</kw>
<status status="PASS" start="2025-11-25T12:15:20.639237" elapsed="13.312255" />
</kw>
<status status="PASS" start="2025-11-25T12:15:20.637154" elapsed="13.315160" />
</test>
<test id="s1-t3" name="Verify User Login" line="14">
<kw name="Log In" owner="resources">
<kw name="Open Browser To DemoBlaze" owner="resources">
<kw name="Open Browser" owner="SeleniumLibrary">
<msg time="2025-11-25T12:15:33.958295" level="INFO">Opening browser 'firefox' to base url 'https://www.demoblaze.com/' through remote server at 'http://bsuser_0KWvM8:wdcP9mSHhVt1gdR13wzS@hub.browserstack.com/wd/hub'.</msg>
<msg time="2025-11-25T12:15:33.962392" level="INFO">Completed setup!</msg>
<arg>${base_url}</arg>
<arg>remote_url=${BROWSERSTACK_REMOTE_URL}</arg>
<doc>Opens a new browser instance to the optional ``url``.</doc>
<status status="PASS" start="2025-11-25T12:15:33.957620" elapsed="5.517740" />
</kw>
<kw name="Maximize Browser Window" owner="SeleniumLibrary">
<doc>Maximizes current browser window.</doc>
<status status="PASS" start="2025-11-25T12:15:39.479293" elapsed="0.552016" />
</kw>
<kw name="Sleep" owner="BuiltIn">
<msg time="2025-11-25T12:15:41.036986" level="INFO">Slept 1 second.</msg>
<arg>1s</arg>
<doc>Pauses the test executed for the given time.</doc>
<status status="PASS" start="2025-11-25T12:15:40.034938" elapsed="1.004087" />
</kw>
<status status="PASS" start="2025-11-25T12:15:33.957051" elapsed="7.084593" />
</kw>
<kw name="Click Element" owner="SeleniumLibrary">
<msg time="2025-11-25T12:15:41.045644" level="INFO">Clicking element '//*[@id="login2"]'.</msg>
<arg>${log_in_button}</arg>
<doc>Click the element identified by ``locator``.</doc>
<status status="PASS" start="2025-11-25T12:15:41.044073" elapsed="0.355771" />
</kw>
<kw name="Wait Until Element Is Visible" owner="SeleniumLibrary">
<arg>${log_in_username_field}</arg>
<doc>Waits until the element ``locator`` is visible.</doc>
<status status="PASS" start="2025-11-25T12:15:41.402696" elapsed="0.258217" />
</kw>
<kw name="Input Text" owner="SeleniumLibrary">
<msg time="2025-11-25T12:15:41.665166" level="INFO">Typing text 'aslanbek@test.gmail.com' into text field '//*[@id="loginusername"]'.</msg>
<arg>${log_in_username_field}</arg>
<arg>${user_login_value}</arg>
<doc>Types the given ``text`` into the text field identified by ``locator``.</doc>
<status status="PASS" start="2025-11-25T12:15:41.663755" elapsed="0.478810" />
</kw>
<kw name="Input Text" owner="SeleniumLibrary">
<msg time="2025-11-25T12:15:42.147634" level="INFO">Typing text '123456789' into text field '//*[@id="loginpassword"]'.</msg>
<arg>${log_in_password_field}</arg>
<arg>${user_password_value}</arg>
<doc>Types the given ``text`` into the text field identified by ``locator``.</doc>
<status status="PASS" start="2025-11-25T12:15:42.145897" elapsed="0.469332" />
</kw>
<kw name="Click Element" owner="SeleniumLibrary">
<msg time="2025-11-25T12:15:42.619038" level="INFO">Clicking element '//*[@id="logInModal"]/div/div/div[3]/button[2]'.</msg>
<arg>${log_in_form_button}</arg>
<doc>Click the element identified by ``locator``.</doc>
<status status="PASS" start="2025-11-25T12:15:42.617851" elapsed="0.321584" />
</kw>
<kw name="Wait Until Element Is Visible" owner="SeleniumLibrary">
<msg time="2025-11-25T12:15:43.439511" level="INFO">Suppressing StaleElementReferenceException from Selenium.</msg>
<arg>${log_out_button}</arg>
<arg>timeout=10</arg>
<doc>Waits until the element ``locator`` is visible.</doc>
<status status="PASS" start="2025-11-25T12:15:42.940609" elapsed="0.966143" />
</kw>
<kw name="Sleep" owner="BuiltIn">
<msg time="2025-11-25T12:15:45.909921" level="INFO">Slept 2 seconds.</msg>
<arg>2s</arg>
<doc>Pauses the test executed for the given time.</doc>
<status status="PASS" start="2025-11-25T12:15:43.907734" elapsed="2.004262" />
</kw>
<kw name="Close All Browsers" owner="SeleniumLibrary">
<doc>Closes all open browsers and resets the browser cache.</doc>
<status status="PASS" start="2025-11-25T12:15:45.913803" elapsed="1.277965" />
</kw>
<status status="PASS" start="2025-11-25T12:15:33.956198" elapsed="13.238464" />
</kw>
<status status="PASS" start="2025-11-25T12:15:33.953894" elapsed="13.241732" />
</test>
<test id="s1-t4" name="Verify Add To Cart" line="17">
<kw name="Add To Cart" owner="resources">
<kw name="Open Browser To DemoBlaze" owner="resources">
<kw name="Open Browser" owner="SeleniumLibrary">
<msg time="2025-11-25T12:15:47.201094" level="INFO">Opening browser 'firefox' to base url 'https://www.demoblaze.com/' through remote server at 'http://bsuser_0KWvM8:wdcP9mSHhVt1gdR13wzS@hub.browserstack.com/wd/hub'.</msg>
<msg time="2025-11-25T12:15:47.206312" level="INFO">Completed setup!</msg>
<arg>${base_url}</arg>
<arg>remote_url=${BROWSERSTACK_REMOTE_URL}</arg>
<doc>Opens a new browser instance to the optional ``url``.</doc>
<status status="PASS" start="2025-11-25T12:15:47.200278" elapsed="5.597253" />
</kw>
<kw name="Maximize Browser Window" owner="SeleniumLibrary">
<doc>Maximizes current browser window.</doc>
<status status="PASS" start="2025-11-25T12:15:52.800578" elapsed="0.555507" />
</kw>
<kw name="Sleep" owner="BuiltIn">
<msg time="2025-11-25T12:15:54.360365" level="INFO">Slept 1 second.</msg>
<arg>1s</arg>
<doc>Pauses the test executed for the given time.</doc>
<status status="PASS" start="2025-11-25T12:15:53.358117" elapsed="1.005726" />
</kw>
<status status="PASS" start="2025-11-25T12:15:47.199671" elapsed="7.166207" />
</kw>
<kw name="Click Element" owner="SeleniumLibrary">
<msg time="2025-11-25T12:15:54.369153" level="INFO">Clicking element '//*[@id="tbodyid"]/div[1]/div/div/h4/a'.</msg>
<arg>${open_product_page_button}</arg>
<doc>Click the element identified by ``locator``.</doc>
<status status="PASS" start="2025-11-25T12:15:54.367689" elapsed="0.589199" />
</kw>
<kw name="Wait Until Element Is Visible" owner="SeleniumLibrary">
<arg>${add_to_cart_button}</arg>
<doc>Waits until the element ``locator`` is visible.</doc>
<status status="PASS" start="2025-11-25T12:15:54.959627" elapsed="0.594719" />
</kw>
<kw name="Click Element" owner="SeleniumLibrary">
<msg time="2025-11-25T12:15:55.557077" level="INFO">Clicking element '//*[@class="btn btn-success btn-lg"]'.</msg>
<arg>${add_to_cart_button}</arg>
<doc>Click the element identified by ``locator``.</doc>
<status status="PASS" start="2025-11-25T12:15:55.556208" elapsed="0.310718" />
</kw>
<kw name="Handle Alert" owner="SeleniumLibrary">
<msg time="2025-11-25T12:15:55.870126" level="INFO">HANDLE::&lt;class 'NoneType'&gt;::None</msg>
<arg>ACCEPT</arg>
<doc>Handles the current alert and returns its message.</doc>
<status status="PASS" start="2025-11-25T12:15:55.869304" elapsed="0.985195" />
</kw>
<kw name="Sleep" owner="BuiltIn">
<msg time="2025-11-25T12:15:58.860746" level="INFO">Slept 2 seconds.</msg>
<arg>2s</arg>
<doc>Pauses the test executed for the given time.</doc>
<status status="PASS" start="2025-11-25T12:15:56.857602" elapsed="2.012384" />
</kw>
<kw name="Close All Browsers" owner="SeleniumLibrary">
<doc>Closes all open browsers and resets the browser cache.</doc>
<status status="PASS" start="2025-11-25T12:15:58.872556" elapsed="1.422943" />
</kw>
<status status="PASS" start="2025-11-25T12:15:47.198918" elapsed="13.098352" />
</kw>
<status status="PASS" start="2025-11-25T12:15:47.197151" elapsed="13.101029" />
</test>
<test id="s1-t5" name="Verify Contact Form Submission" line="20">
<kw name="Contact Form Submission" owner="resources">
<kw name="Open Browser To DemoBlaze" owner="resources">
<kw name="Open Browser" owner="SeleniumLibrary">
<msg time="2025-11-25T12:16:00.306038" level="INFO">Opening browser 'firefox' to base url 'https://www.demoblaze.com/' through remote server at 'http://bsuser_0KWvM8:wdcP9mSHhVt1gdR13wzS@hub.browserstack.com/wd/hub'.</msg>
<msg time="2025-11-25T12:16:00.311768" level="INFO">Completed setup!</msg>
<arg>${base_url}</arg>
<arg>remote_url=${BROWSERSTACK_REMOTE_URL}</arg>
<doc>Opens a new browser instance to the optional ``url``.</doc>
<status status="PASS" start="2025-11-25T12:16:00.305036" elapsed="5.798462" />
</kw>
<kw name="Maximize Browser Window" owner="SeleniumLibrary">
<doc>Maximizes current browser window.</doc>
<status status="PASS" start="2025-11-25T12:16:06.105060" elapsed="0.589657" />
</kw>
<kw name="Sleep" owner="BuiltIn">
<msg time="2025-11-25T12:16:07.701487" level="INFO">Slept 1 second.</msg>
<arg>1s</arg>
<doc>Pauses the test executed for the given time.</doc>
<status status="PASS" start="2025-11-25T12:16:06.697842" elapsed="1.004433" />
</kw>
<status status="PASS" start="2025-11-25T12:16:00.304534" elapsed="7.399615" />
</kw>
<kw name="Click Element" owner="SeleniumLibrary">
<msg time="2025-11-25T12:16:07.705994" level="INFO">Clicking element '//*[@id="navbarExample"]/ul/li[2]/a'.</msg>
<arg>${contact_link}</arg>
<doc>Click the element identified by ``locator``.</doc>
<status status="PASS" start="2025-11-25T12:16:07.705372" elapsed="0.363498" />
</kw>
<kw name="Wait Until Element Is Visible" owner="SeleniumLibrary">
<arg>${contact_email_field}</arg>
<doc>Waits until the element ``locator`` is visible.</doc>
<status status="PASS" start="2025-11-25T12:16:08.071745" elapsed="0.268580" />
</kw>
<kw name="Input Text" owner="SeleniumLibrary">
<msg time="2025-11-25T12:16:08.344734" level="INFO">Typing text 'aslanbek@test.gmail.com' into text field '//*[@id="recipient-email"]'.</msg>
<arg>${contact_email_field}</arg>
<arg>${contact_email_value}</arg>
<doc>Types the given ``text`` into the text field identified by ``locator``.</doc>
<status status="PASS" start="2025-11-25T12:16:08.343331" elapsed="0.499272" />
</kw>
<kw name="Input Text" owner="SeleniumLibrary">
<msg time="2025-11-25T12:16:08.846872" level="INFO">Typing text 'Aslanbek Assylbekov' into text field '//*[@id="recipient-name"]'.</msg>
<arg>${contact_name_field}</arg>
<arg>${contact_name_value}</arg>
<doc>Types the given ``text`` into the text field identified by ``locator``.</doc>
<status status="PASS" start="2025-11-25T12:16:08.845502" elapsed="0.429309" />
</kw>
<kw name="Input Text" owner="SeleniumLibrary">
<msg time="2025-11-25T12:16:09.279018" level="INFO">Typing text 'This is an automated contact form submission test.' into text field '//*[@id="message-text"]'.</msg>
<arg>${contact_message_field}</arg>
<arg>${contact_message_value}</arg>
<doc>Types the given ``text`` into the text field identified by ``locator``.</doc>
<status status="PASS" start="2025-11-25T12:16:09.277674" elapsed="0.425443" />
</kw>
<kw name="Click Element" owner="SeleniumLibrary">
<msg time="2025-11-25T12:16:09.707298" level="INFO">Clicking element '//*[@id="exampleModal"]/div/div/div[3]/button[2]'.</msg>
<arg>${contact_send_button}</arg>
<doc>Click the element identified by ``locator``.</doc>
<status status="PASS" start="2025-11-25T12:16:09.705994" elapsed="0.342701" />
</kw>
<kw name="Handle Alert" owner="SeleniumLibrary">
<msg time="2025-11-25T12:16:10.052760" level="INFO">HANDLE::&lt;class 'NoneType'&gt;::None</msg>
<arg>ACCEPT</arg>
<doc>Handles the current alert and returns its message.</doc>
<status status="PASS" start="2025-11-25T12:16:10.051589" elapsed="0.357112" />
</kw>
<kw name="Close All Browsers" owner="SeleniumLibrary">
<doc>Closes all open browsers and resets the browser cache.</doc>
<status status="PASS" start="2025-11-25T12:16:10.411789" elapsed="1.253657" />
</kw>
<status status="PASS" start="2025-11-25T12:16:00.303758" elapsed="11.364296" />
</kw>
<status status="PASS" start="2025-11-25T12:16:00.300984" elapsed="11.368374" />
</test>
<kw name="Close Test Browsers" owner="resources" type="TEARDOWN">
<kw name="Close All Browsers" owner="SeleniumLibrary">
<doc>Closes all open browsers and resets the browser cache.</doc>
<status status="PASS" start="2025-11-25T12:16:11.676292" elapsed="0.000881" />
</kw>
<status status="PASS" start="2025-11-25T12:16:11.672974" elapsed="0.004876" />
</kw>
<status status="PASS" start="2025-11-25T12:15:03.677310" elapsed="68.002166" />
</suite>
<status status="PASS" start="2025-11-25T12:15:03.677310" elapsed="68.002166" />
</suite><errors>
</errors>
</robot>